#
# A fatal error has been detected by the Java Runtime Environment:
#
#  EXCEPTION_ACCESS_VIOLATION (0xc0000005) at pc=0x00007ffa62fdd69a, pid=13932, tid=4536
#
# JRE version: OpenJDK Runtime Environment Temurin-17.0.2+8 (17.0.2+8) (build 17.0.2+8)
# Java VM: OpenJDK 64-Bit Server VM Temurin-17.0.2+8 (17.0.2+8, mixed mode, tiered, compressed oops, compressed class ptrs, g1 gc, windows-amd64)
# Problematic frame:
# V  [jvm.dll+0x79d69a]
#
# No core dump will be written. Minidumps are not enabled by default on client versions of Windows
#
# If you would like to submit a bug report, please visit:
#   https://github.com/adoptium/adoptium-support/issues
#

---------------  S U M M A R Y ------------

Command Line: -XX:+ShowCodeDetailsInExceptionMessages -agentlib:jdwp=transport=dt_socket,suspend=y,address=localhost:50150 -javaagent:C:\Users\Elías\eclipse\configuration\org.eclipse.osgi\225\0\.cp\lib\javaagent-shaded.jar -Dfile.encoding=Cp1252 p3Arboles.main

Host: Intel(R) Core(TM) i5-10300H CPU @ 2.50GHz, 8 cores, 15G,  Windows 11 , 64 bit Build 22621 (10.0.22621.3958)
Time: Wed Nov  6 22:20:17 2024 Hora estándar romance elapsed time: 177.113910 seconds (0d 0h 2m 57s)

---------------  T H R E A D  ---------------

Current thread (0x00000206d7f5d6a0):  JavaThread "JDWP Transport Listener: dt_socket" daemon [_thread_in_vm, id=4536, stack(0x00000029c7000000,0x00000029c7100000)]

Stack: [0x00000029c7000000,0x00000029c7100000],  sp=0x00000029c70ff5a0,  free space=1021k
Native frames: (J=compiled Java code, j=interpreted, Vv=VM code, C=native code)
V  [jvm.dll+0x79d69a]
V  [jvm.dll+0x50842c]
V  [jvm.dll+0x4cfa94]
C  [jdwp.dll+0x22dff]


siginfo: EXCEPTION_ACCESS_VIOLATION (0xc0000005), reading address 0x000000000067006a


Register to memory mapping:

RIP=0x00007ffa62fdd69a jvm.dll
RAX=0x0000000000000068 is an unknown value
RBX=0x00000206d7e04dd3 points into unknown readable memory: 3b 29 5a 00 64
RCX=0x0000000000670066 is an unknown value
RDX=0x00000206d7dcf780 points into unknown readable memory: 0x6c6f62724133704c | 4c 70 33 41 72 62 6f 6c
RSP=0x00000029c70ff5a0 is pointing into the stack for thread: 0x00000206d7f5d6a0
RBP=0x00000206d7f3cac0 points into unknown readable memory: 0x0043005000000002 | 02 00 00 00 50 00 43 00
RSI=0x0 is NULL
RDI=0xffffffffffffffff is an unknown value
R8 =0x000000000000007e is an unknown value
R9 =0x0000000000000040 is an unknown value
R10=0x0000000000000040 is an unknown value
R11=0x00000029c70ff5c0 is pointing into the stack for thread: 0x00000206d7f5d6a0
R12=0x00000029c70ff6f8 is pointing into the stack for thread: 0x00000206d7f5d6a0
R13=0x0 is NULL
R14=0x00000008000c5d38 is a pointer to class: 
p3Arboles.BSTree {0x00000008000c5d40}
 - instance size:     2
 - klass size:        77
 - access:            public synchronized 
 - state:             fully_initialized
 - name:              'p3Arboles/BSTree'
 - super:             'p3Arboles/AbstractTree'
 - sub:               
 - arrays:            NULL
 - methods:           Array<T>(0x00000206d8c3fe18)
 - method ordering:   Array<T>(0x00000206d8c409d0)
 - default_methods:   Array<T>(0x0000000000000000)
 - local interfaces:  Array<T>(0x00000206d7400058)
 - trans. interfaces: Array<T>(0x00000206d7400058)
 - constants:         constant pool [106] {0x00000206d8c41228} for 'p3Arboles/BSTree' cache=0x00000206d8c415f0
 - class loader data:  loader data: 0x00000206d7e7b6d0 for instance a 'jdk/internal/loader/ClassLoaders$AppClassLoader'{0x00000007124678f0}
 - source file:       'BSTree.java'
 - source debug extension:       SMAP
BSTree.java
Java
*S jdt
*F
1 BSTree.java
2 file:/C:/Users/El%c3%adas/OneDrive/Escritorio/Software/2do/ED/ED-2024-25-FernandezMedinaElias-UO299673/bin/
*L
*E

 - class annotations:       Array<T>(0x0000000000000000)
 - class type annotations:  Array<T>(0x0000000000000000)
 - field annotations:       Array<T>(0x0000000000000000)
 - field type annotations:  Array<T>(0x0000000000000000)
 - previous version:  constant pool [102] {0x00000206d8c3b158} for 'p3Arboles/BSTree' (extra) cache=0x00000206d8c3f060
 - generic signature: '
[error occurred during error reporting (printing register info), id 0xc0000005, EXCEPTION_ACCESS_VIOLATION (0xc0000005) at pc=0x00007ffa62fde2a6]

Registers:
RAX=0x0000000000000068, RBX=0x00000206d7e04dd3, RCX=0x0000000000670066, RDX=0x00000206d7dcf780
RSP=0x00000029c70ff5a0, RBP=0x00000206d7f3cac0, RSI=0x0000000000000000, RDI=0xffffffffffffffff
R8 =0x000000000000007e, R9 =0x0000000000000040, R10=0x0000000000000040, R11=0x00000029c70ff5c0
R12=0x00000029c70ff6f8, R13=0x0000000000000000, R14=0x00000008000c5d38, R15=0x00000029c70ff748
RIP=0x00007ffa62fdd69a, EFLAGS=0x0000000000010206

Top of Stack: (sp=0x00000029c70ff5a0)
0x00000029c70ff5a0:   0000000000000010 00000008000c5d38
0x00000029c70ff5b0:   00000206d7f5d6a0 0000000000000000
0x00000029c70ff5c0:   ffffffffffffffff 00007ffa62d4842c
0x00000029c70ff5d0:   00000206d7e04dd3 00000206d7e04dc0
0x00000029c70ff5e0:   00000206d7f3cac0 00000206d86d7120
0x00000029c70ff5f0:   00000206d7e04d90 00000000000003d8
0x00000029c70ff600:   00000206d7e04da0 00000206d7e05178
0x00000029c70ff610:   0000000000000002 00000029c70ff6f8
0x00000029c70ff620:   0000000000000000 0000000000000000
0x00000029c70ff630:   0000000711e69138 00007ffa62d0fa94
0x00000029c70ff640:   00000206d7f5d6a0 00000029c70ff748
0x00000029c70ff650:   00000206b86f6570 00000029c70ff748
0x00000029c70ff660:   00000206d7f5d6a0 0000000000000000
0x00000029c70ff670:   0000020600000000 0000000000000000
0x00000029c70ff680:   000000000000000d 00007ffaa45f2dff
0x00000029c70ff690:   00000029c70ff740 00007ffaa4601aa0 

Instructions: (pc=0x00007ffa62fdd69a)
0x00007ffa62fdd59a:   48 83 c4 20 5f e9 4c 8d 90 ff cc cc cc cc cc cc
0x00007ffa62fdd5aa:   cc cc cc cc cc cc 48 89 5c 24 08 57 48 83 ec 20
0x00007ffa62fdd5ba:   83 fa 02 8d 42 06 b9 08 00 00 00 49 8b d8 0f 4e
0x00007ffa62fdd5ca:   c1 48 63 c8 48 83 c1 07 83 e1 f8 48 63 f9 49 8b
0x00007ffa62fdd5da:   48 18 48 8b c7 48 f7 d0 48 3b c1 73 16 4c 8d 05
0x00007ffa62fdd5ea:   da 4c 17 00 48 8b d7 48 8b cb e8 57 f0 90 ff 48
0x00007ffa62fdd5fa:   8b 4b 18 48 8d 04 39 48 3b 43 20 76 18 45 33 c0
0x00007ffa62fdd60a:   48 8b d7 48 8b cb 48 8b 5c 24 30 48 83 c4 20 5f
0x00007ffa62fdd61a:   e9 b1 ec 90 ff 48 89 43 18 48 8b c1 48 8b 5c 24
0x00007ffa62fdd62a:   30 48 83 c4 20 5f c3 cc cc cc cc cc cc cc cc cc
0x00007ffa62fdd63a:   cc cc cc cc cc cc 4c 8b d2 4c 8b d9 45 85 c0 7e
0x00007ffa62fdd64a:   3c 44 0f b7 49 04 41 8d 40 ff 41 3b c1 44 0f 4c
0x00007ffa62fdd65a:   c8 4d 63 c1 45 85 c9 7e 1f 48 8b c2 4c 2b da 49
0x00007ffa62fdd66a:   8b d0 0f 1f 40 00 41 0f b6 4c 03 06 88 08 48 8d
0x00007ffa62fdd67a:   40 01 48 83 ea 01 75 ee 43 c6 04 10 00 49 8b c2
0x00007ffa62fdd68a:   c3 cc cc cc cc cc 48 89 5c 24 08 57 48 83 ec 20
0x00007ffa62fdd69a:   0f b7 59 04 48 8b f9 33 d2 48 8d 4b 01 e8 84 df
0x00007ffa62fdd6aa:   f2 ff 0f b7 57 04 4c 8b c0 3b da 0f 42 d3 44 8b
0x00007ffa62fdd6ba:   ca 85 d2 74 39 48 2b f8 0f 1f 40 00 66 66 0f 1f
0x00007ffa62fdd6ca:   84 00 00 00 00 00 0f b6 4c 07 06 88 08 48 ff c0
0x00007ffa62fdd6da:   48 8b c8 49 2b c8 49 3b c9 7c eb 42 c6 04 02 00
0x00007ffa62fdd6ea:   49 8b c0 48 8b 5c 24 30 48 83 c4 20 5f c3 48 8b
0x00007ffa62fdd6fa:   5c 24 30 c6 04 02 00 48 83 c4 20 5f c3 cc cc cc
0x00007ffa62fdd70a:   cc cc cc cc cc cc 4c 8b d1 45 85 c0 7e 6c 44 0f
0x00007ffa62fdd71a:   b7 49 04 41 8d 40 ff 41 3b c1 44 0f 4c c8 4d 63
0x00007ffa62fdd72a:   d9 45 85 c9 7e 22 48 8b ca 4c 2b d2 4d 8b c3 0f
0x00007ffa62fdd73a:   1f 80 00 00 00 00 41 0f b6 44 0a 06 88 01 48 8d
0x00007ffa62fdd74a:   49 01 49 83 e8 01 75 ee 41 c6 04 13 00 48 c7 c0
0x00007ffa62fdd75a:   ff ff ff ff 66 90 48 ff c0 80 3c 02 00 75 f7 48
0x00007ffa62fdd76a:   63 c8 85 c0 48 8b c2 7e 14 80 38 2f 75 03 c6 00
0x00007ffa62fdd77a:   2e 48 ff c0 48 83 e9 01 75 ef 48 8b c2 c3 cc cc
0x00007ffa62fdd78a:   cc cc cc cc cc cc 48 83 ec 28 e8 f7 fe ff ff 4c 


Stack slot to memory mapping:
stack at sp + 0 slots: 0x0000000000000010 is an unknown value
stack at sp + 1 slots: 0x00000008000c5d38 is a pointer to class: 
p3Arboles.BSTree {0x00000008000c5d40}
 - instance size:     2
 - klass size:        77
 - access:            public synchronized 
 - state:             fully_initialized
 - name:              'p3Arboles/BSTree'
 - super:             'p3Arboles/AbstractTree'
 - sub:               
 - arrays:            NULL
 - methods:           Array<T>(0x00000206d8c3fe18)
 - method ordering:   Array<T>(0x00000206d8c409d0)
 - default_methods:   Array<T>(0x0000000000000000)
 - local interfaces:  Array<T>(0x00000206d7400058)
 - trans. interfaces: Array<T>(0x00000206d7400058)
 - constants:         constant pool [106] {0x00000206d8c41228} for 'p3Arboles/BSTree' cache=0x00000206d8c415f0
 - class loader data:  loader data: 0x00000206d7e7b6d0 for instance a 'jdk/internal/loader/ClassLoaders$AppClassLoader'{0x00000007124678f0}
 - source file:       'BSTree.java'
 - source debug extension:       SMAP
BSTree.java
Java
*S jdt
*F
1 BSTree.java
2 file:/C:/Users/El%c3%adas/OneDrive/Escritorio/Software/2do/ED/ED-2024-25-FernandezMedinaElias-UO299673/bin/
*L
*E

 - class annotations:       Array<T>(0x0000000000000000)
 - class type annotations:  Array<T>(0x0000000000000000)
 - field annotations:       Array<T>(0x0000000000000000)
 - field type annotations:  Array<T>(0x0000000000000000)
 - previous version:  constant pool [102] {0x00000206d8c3b158} for 'p3Arboles/BSTree' (extra) cache=0x00000206d8c3f060
 - generic signature: '
[error occurred during error reporting (inspecting top of stack), id 0xc0000005, EXCEPTION_ACCESS_VIOLATION (0xc0000005) at pc=0x00007ffa62fde2a6]


---------------  P R O C E S S  ---------------

Threads class SMR info:
_java_thread_list=0x00000206d7f45020, length=15, elements={
0x00000206b87059e0, 0x00000206d7c74020, 0x00000206d7c75ea0, 0x00000206d7cb05b0,
0x00000206d7cb1160, 0x00000206d7cb3f20, 0x00000206d7cbc8e0, 0x00000206d7cc8140,
0x00000206d7cca580, 0x00000206d7ccfcd0, 0x00000206d7e08e00, 0x00000206d7f5d6a0,
0x00000206d7fdccf0, 0x00000206d7fdd1e0, 0x00000206d8455170
}

Java Threads: ( => current thread )
  0x00000206b87059e0 JavaThread "main" [_thread_blocked, id=10004, stack(0x00000029c5f00000,0x00000029c6000000)]
  0x00000206d7c74020 JavaThread "Reference Handler" daemon [_thread_blocked, id=7620, stack(0x00000029c6600000,0x00000029c6700000)]
  0x00000206d7c75ea0 JavaThread "Finalizer" daemon [_thread_blocked, id=3804, stack(0x00000029c6700000,0x00000029c6800000)]
  0x00000206d7cb05b0 JavaThread "Signal Dispatcher" daemon [_thread_blocked, id=8240, stack(0x00000029c6800000,0x00000029c6900000)]
  0x00000206d7cb1160 JavaThread "Attach Listener" daemon [_thread_blocked, id=7472, stack(0x00000029c6900000,0x00000029c6a00000)]
  0x00000206d7cb3f20 JavaThread "Service Thread" daemon [_thread_blocked, id=16296, stack(0x00000029c6a00000,0x00000029c6b00000)]
  0x00000206d7cbc8e0 JavaThread "Monitor Deflation Thread" daemon [_thread_blocked, id=1512, stack(0x00000029c6b00000,0x00000029c6c00000)]
  0x00000206d7cc8140 JavaThread "C2 CompilerThread0" daemon [_thread_blocked, id=17284, stack(0x00000029c6c00000,0x00000029c6d00000)]
  0x00000206d7cca580 JavaThread "C1 CompilerThread0" daemon [_thread_blocked, id=11856, stack(0x00000029c6d00000,0x00000029c6e00000)]
  0x00000206d7ccfcd0 JavaThread "Sweeper thread" daemon [_thread_blocked, id=11844, stack(0x00000029c6e00000,0x00000029c6f00000)]
  0x00000206d7e08e00 JavaThread "Common-Cleaner" daemon [_thread_blocked, id=3696, stack(0x00000029c6f00000,0x00000029c7000000)]
=>0x00000206d7f5d6a0 JavaThread "JDWP Transport Listener: dt_socket" daemon [_thread_in_vm, id=4536, stack(0x00000029c7000000,0x00000029c7100000)]
  0x00000206d7fdccf0 JavaThread "JDWP Event Helper Thread" daemon [_thread_blocked, id=11176, stack(0x00000029c7100000,0x00000029c7200000)]
  0x00000206d7fdd1e0 JavaThread "JDWP Command Reader" daemon [_thread_in_native, id=10316, stack(0x00000029c7200000,0x00000029c7300000)]
  0x00000206d8455170 JavaThread "Notification Thread" daemon [_thread_blocked, id=11448, stack(0x00000029c7400000,0x00000029c7500000)]

Other Threads:
  0x00000206d7c5d920 VMThread "VM Thread" [stack: 0x00000029c6500000,0x00000029c6600000] [id=9388]
  0x00000206d8453670 WatcherThread [stack: 0x00000029c7500000,0x00000029c7600000] [id=2076]
  0x00000206b8754f90 GCTaskThread "GC Thread#0" [stack: 0x00000029c6000000,0x00000029c6100000] [id=12244]
  0x00000206b87a47b0 ConcurrentGCThread "G1 Main Marker" [stack: 0x00000029c6100000,0x00000029c6200000] [id=13604]
  0x00000206b87a61d0 ConcurrentGCThread "G1 Conc#0" [stack: 0x00000029c6200000,0x00000029c6300000] [id=15056]
  0x00000206b87cebf0 ConcurrentGCThread "G1 Refine#0" [stack: 0x00000029c6300000,0x00000029c6400000] [id=16264]
  0x00000206d70b2cb0 ConcurrentGCThread "G1 Service" [stack: 0x00000029c6400000,0x00000029c6500000] [id=17044]

Threads with active compile tasks:

VM state: not at safepoint (normal execution)

VM Mutex/Monitor currently owned by a thread: None

Heap address: 0x0000000702800000, size: 4056 MB, Compressed Oops mode: Zero based, Oop shift amount: 3

CDS archive(s) not mapped
Compressed class space mapped at: 0x0000000800000000-0x0000000840000000, reserved size: 1073741824
Narrow klass base: 0x0000000800000000, Narrow klass shift: 0, Narrow klass range: 0x40000000

GC Precious Log:
 CPUs: 8 total, 8 available
 Memory: 16221M
 Large Page Support: Disabled
 NUMA Support: Disabled
 Compressed Oops: Enabled (Zero based)
 Heap Region Size: 2M
 Heap Min Capacity: 8M
 Heap Initial Capacity: 254M
 Heap Max Capacity: 4056M
 Pre-touch: Disabled
 Parallel Workers: 8
 Concurrent Workers: 2
 Concurrent Refinement Workers: 8
 Periodic GC: Disabled

Heap:
 garbage-first heap   total 260096K, used 6144K [0x0000000702800000, 0x0000000800000000)
  region size 2048K, 4 young (8192K), 0 survivors (0K)
 Metaspace       used 9592K, committed 9728K, reserved 1064960K
  class space    used 838K, committed 896K, reserved 1048576K

Heap Regions: E=young(eden), S=young(survivor), O=old, HS=humongous(starts), HC=humongous(continues), CS=collection set, F=free, OA=open archive, CA=closed archive, TAMS=top-at-mark-start (previous, next)
|   0|0x0000000702800000, 0x0000000702800000, 0x0000000702a00000|  0%| F|  |TAMS 0x0000000702800000, 0x0000000702800000| Untracked 
|   1|0x0000000702a00000, 0x0000000702a00000, 0x0000000702c00000|  0%| F|  |TAMS 0x0000000702a00000, 0x0000000702a00000| Untracked 
|   2|0x0000000702c00000, 0x0000000702c00000, 0x0000000702e00000|  0%| F|  |TAMS 0x0000000702c00000, 0x0000000702c00000| Untracked 
|   3|0x0000000702e00000, 0x0000000702e00000, 0x0000000703000000|  0%| F|  |TAMS 0x0000000702e00000, 0x0000000702e00000| Untracked 
|   4|0x0000000703000000, 0x0000000703000000, 0x0000000703200000|  0%| F|  |TAMS 0x0000000703000000, 0x0000000703000000| Untracked 
|   5|0x0000000703200000, 0x0000000703200000, 0x0000000703400000|  0%| F|  |TAMS 0x0000000703200000, 0x0000000703200000| Untracked 
|   6|0x0000000703400000, 0x0000000703400000, 0x0000000703600000|  0%| F|  |TAMS 0x0000000703400000, 0x0000000703400000| Untracked 
|   7|0x0000000703600000, 0x0000000703600000, 0x0000000703800000|  0%| F|  |TAMS 0x0000000703600000, 0x0000000703600000| Untracked 
|   8|0x0000000703800000, 0x0000000703800000, 0x0000000703a00000|  0%| F|  |TAMS 0x0000000703800000, 0x0000000703800000| Untracked 
|   9|0x0000000703a00000, 0x0000000703a00000, 0x0000000703c00000|  0%| F|  |TAMS 0x0000000703a00000, 0x0000000703a00000| Untracked 
|  10|0x0000000703c00000, 0x0000000703c00000, 0x0000000703e00000|  0%| F|  |TAMS 0x0000000703c00000, 0x0000000703c00000| Untracked 
|  11|0x0000000703e00000, 0x0000000703e00000, 0x0000000704000000|  0%| F|  |TAMS 0x0000000703e00000, 0x0000000703e00000| Untracked 
|  12|0x0000000704000000, 0x0000000704000000, 0x0000000704200000|  0%| F|  |TAMS 0x0000000704000000, 0x0000000704000000| Untracked 
|  13|0x0000000704200000, 0x0000000704200000, 0x0000000704400000|  0%| F|  |TAMS 0x0000000704200000, 0x0000000704200000| Untracked 
|  14|0x0000000704400000, 0x0000000704400000, 0x0000000704600000|  0%| F|  |TAMS 0x0000000704400000, 0x0000000704400000| Untracked 
|  15|0x0000000704600000, 0x0000000704600000, 0x0000000704800000|  0%| F|  |TAMS 0x0000000704600000, 0x0000000704600000| Untracked 
|  16|0x0000000704800000, 0x0000000704800000, 0x0000000704a00000|  0%| F|  |TAMS 0x0000000704800000, 0x0000000704800000| Untracked 
|  17|0x0000000704a00000, 0x0000000704a00000, 0x0000000704c00000|  0%| F|  |TAMS 0x0000000704a00000, 0x0000000704a00000| Untracked 
|  18|0x0000000704c00000, 0x0000000704c00000, 0x0000000704e00000|  0%| F|  |TAMS 0x0000000704c00000, 0x0000000704c00000| Untracked 
|  19|0x0000000704e00000, 0x0000000704e00000, 0x0000000705000000|  0%| F|  |TAMS 0x0000000704e00000, 0x0000000704e00000| Untracked 
|  20|0x0000000705000000, 0x0000000705000000, 0x0000000705200000|  0%| F|  |TAMS 0x0000000705000000, 0x0000000705000000| Untracked 
|  21|0x0000000705200000, 0x0000000705200000, 0x0000000705400000|  0%| F|  |TAMS 0x0000000705200000, 0x0000000705200000| Untracked 
|  22|0x0000000705400000, 0x0000000705400000, 0x0000000705600000|  0%| F|  |TAMS 0x0000000705400000, 0x0000000705400000| Untracked 
|  23|0x0000000705600000, 0x0000000705600000, 0x0000000705800000|  0%| F|  |TAMS 0x0000000705600000, 0x0000000705600000| Untracked 
|  24|0x0000000705800000, 0x0000000705800000, 0x0000000705a00000|  0%| F|  |TAMS 0x0000000705800000, 0x0000000705800000| Untracked 
|  25|0x0000000705a00000, 0x0000000705a00000, 0x0000000705c00000|  0%| F|  |TAMS 0x0000000705a00000, 0x0000000705a00000| Untracked 
|  26|0x0000000705c00000, 0x0000000705c00000, 0x0000000705e00000|  0%| F|  |TAMS 0x0000000705c00000, 0x0000000705c00000| Untracked 
|  27|0x0000000705e00000, 0x0000000705e00000, 0x0000000706000000|  0%| F|  |TAMS 0x0000000705e00000, 0x0000000705e00000| Untracked 
|  28|0x0000000706000000, 0x0000000706000000, 0x0000000706200000|  0%| F|  |TAMS 0x0000000706000000, 0x0000000706000000| Untracked 
|  29|0x0000000706200000, 0x0000000706200000, 0x0000000706400000|  0%| F|  |TAMS 0x0000000706200000, 0x0000000706200000| Untracked 
|  30|0x0000000706400000, 0x0000000706400000, 0x0000000706600000|  0%| F|  |TAMS 0x0000000706400000, 0x0000000706400000| Untracked 
|  31|0x0000000706600000, 0x0000000706600000, 0x0000000706800000|  0%| F|  |TAMS 0x0000000706600000, 0x0000000706600000| Untracked 
|  32|0x0000000706800000, 0x0000000706800000, 0x0000000706a00000|  0%| F|  |TAMS 0x0000000706800000, 0x0000000706800000| Untracked 
|  33|0x0000000706a00000, 0x0000000706a00000, 0x0000000706c00000|  0%| F|  |TAMS 0x0000000706a00000, 0x0000000706a00000| Untracked 
|  34|0x0000000706c00000, 0x0000000706c00000, 0x0000000706e00000|  0%| F|  |TAMS 0x0000000706c00000, 0x0000000706c00000| Untracked 
|  35|0x0000000706e00000, 0x0000000706e00000, 0x0000000707000000|  0%| F|  |TAMS 0x0000000706e00000, 0x0000000706e00000| Untracked 
|  36|0x0000000707000000, 0x0000000707000000, 0x0000000707200000|  0%| F|  |TAMS 0x0000000707000000, 0x0000000707000000| Untracked 
|  37|0x0000000707200000, 0x0000000707200000, 0x0000000707400000|  0%| F|  |TAMS 0x0000000707200000, 0x0000000707200000| Untracked 
|  38|0x0000000707400000, 0x0000000707400000, 0x0000000707600000|  0%| F|  |TAMS 0x0000000707400000, 0x0000000707400000| Untracked 
|  39|0x0000000707600000, 0x0000000707600000, 0x0000000707800000|  0%| F|  |TAMS 0x0000000707600000, 0x0000000707600000| Untracked 
|  40|0x0000000707800000, 0x0000000707800000, 0x0000000707a00000|  0%| F|  |TAMS 0x0000000707800000, 0x0000000707800000| Untracked 
|  41|0x0000000707a00000, 0x0000000707a00000, 0x0000000707c00000|  0%| F|  |TAMS 0x0000000707a00000, 0x0000000707a00000| Untracked 
|  42|0x0000000707c00000, 0x0000000707c00000, 0x0000000707e00000|  0%| F|  |TAMS 0x0000000707c00000, 0x0000000707c00000| Untracked 
|  43|0x0000000707e00000, 0x0000000707e00000, 0x0000000708000000|  0%| F|  |TAMS 0x0000000707e00000, 0x0000000707e00000| Untracked 
|  44|0x0000000708000000, 0x0000000708000000, 0x0000000708200000|  0%| F|  |TAMS 0x0000000708000000, 0x0000000708000000| Untracked 
|  45|0x0000000708200000, 0x0000000708200000, 0x0000000708400000|  0%| F|  |TAMS 0x0000000708200000, 0x0000000708200000| Untracked 
|  46|0x0000000708400000, 0x0000000708400000, 0x0000000708600000|  0%| F|  |TAMS 0x0000000708400000, 0x0000000708400000| Untracked 
|  47|0x0000000708600000, 0x0000000708600000, 0x0000000708800000|  0%| F|  |TAMS 0x0000000708600000, 0x0000000708600000| Untracked 
|  48|0x0000000708800000, 0x0000000708800000, 0x0000000708a00000|  0%| F|  |TAMS 0x0000000708800000, 0x0000000708800000| Untracked 
|  49|0x0000000708a00000, 0x0000000708a00000, 0x0000000708c00000|  0%| F|  |TAMS 0x0000000708a00000, 0x0000000708a00000| Untracked 
|  50|0x0000000708c00000, 0x0000000708c00000, 0x0000000708e00000|  0%| F|  |TAMS 0x0000000708c00000, 0x0000000708c00000| Untracked 
|  51|0x0000000708e00000, 0x0000000708e00000, 0x0000000709000000|  0%| F|  |TAMS 0x0000000708e00000, 0x0000000708e00000| Untracked 
|  52|0x0000000709000000, 0x0000000709000000, 0x0000000709200000|  0%| F|  |TAMS 0x0000000709000000, 0x0000000709000000| Untracked 
|  53|0x0000000709200000, 0x0000000709200000, 0x0000000709400000|  0%| F|  |TAMS 0x0000000709200000, 0x0000000709200000| Untracked 
|  54|0x0000000709400000, 0x0000000709400000, 0x0000000709600000|  0%| F|  |TAMS 0x0000000709400000, 0x0000000709400000| Untracked 
|  55|0x0000000709600000, 0x0000000709600000, 0x0000000709800000|  0%| F|  |TAMS 0x0000000709600000, 0x0000000709600000| Untracked 
|  56|0x0000000709800000, 0x0000000709800000, 0x0000000709a00000|  0%| F|  |TAMS 0x0000000709800000, 0x0000000709800000| Untracked 
|  57|0x0000000709a00000, 0x0000000709a00000, 0x0000000709c00000|  0%| F|  |TAMS 0x0000000709a00000, 0x0000000709a00000| Untracked 
|  58|0x0000000709c00000, 0x0000000709c00000, 0x0000000709e00000|  0%| F|  |TAMS 0x0000000709c00000, 0x0000000709c00000| Untracked 
|  59|0x0000000709e00000, 0x0000000709e00000, 0x000000070a000000|  0%| F|  |TAMS 0x0000000709e00000, 0x0000000709e00000| Untracked 
|  60|0x000000070a000000, 0x000000070a000000, 0x000000070a200000|  0%| F|  |TAMS 0x000000070a000000, 0x000000070a000000| Untracked 
|  61|0x000000070a200000, 0x000000070a200000, 0x000000070a400000|  0%| F|  |TAMS 0x000000070a200000, 0x000000070a200000| Untracked 
|  62|0x000000070a400000, 0x000000070a400000, 0x000000070a600000|  0%| F|  |TAMS 0x000000070a400000, 0x000000070a400000| Untracked 
|  63|0x000000070a600000, 0x000000070a600000, 0x000000070a800000|  0%| F|  |TAMS 0x000000070a600000, 0x000000070a600000| Untracked 
|  64|0x000000070a800000, 0x000000070a800000, 0x000000070aa00000|  0%| F|  |TAMS 0x000000070a800000, 0x000000070a800000| Untracked 
|  65|0x000000070aa00000, 0x000000070aa00000, 0x000000070ac00000|  0%| F|  |TAMS 0x000000070aa00000, 0x000000070aa00000| Untracked 
|  66|0x000000070ac00000, 0x000000070ac00000, 0x000000070ae00000|  0%| F|  |TAMS 0x000000070ac00000, 0x000000070ac00000| Untracked 
|  67|0x000000070ae00000, 0x000000070ae00000, 0x000000070b000000|  0%| F|  |TAMS 0x000000070ae00000, 0x000000070ae00000| Untracked 
|  68|0x000000070b000000, 0x000000070b000000, 0x000000070b200000|  0%| F|  |TAMS 0x000000070b000000, 0x000000070b000000| Untracked 
|  69|0x000000070b200000, 0x000000070b200000, 0x000000070b400000|  0%| F|  |TAMS 0x000000070b200000, 0x000000070b200000| Untracked 
|  70|0x000000070b400000, 0x000000070b400000, 0x000000070b600000|  0%| F|  |TAMS 0x000000070b400000, 0x000000070b400000| Untracked 
|  71|0x000000070b600000, 0x000000070b600000, 0x000000070b800000|  0%| F|  |TAMS 0x000000070b600000, 0x000000070b600000| Untracked 
|  72|0x000000070b800000, 0x000000070b800000, 0x000000070ba00000|  0%| F|  |TAMS 0x000000070b800000, 0x000000070b800000| Untracked 
|  73|0x000000070ba00000, 0x000000070ba00000, 0x000000070bc00000|  0%| F|  |TAMS 0x000000070ba00000, 0x000000070ba00000| Untracked 
|  74|0x000000070bc00000, 0x000000070bc00000, 0x000000070be00000|  0%| F|  |TAMS 0x000000070bc00000, 0x000000070bc00000| Untracked 
|  75|0x000000070be00000, 0x000000070be00000, 0x000000070c000000|  0%| F|  |TAMS 0x000000070be00000, 0x000000070be00000| Untracked 
|  76|0x000000070c000000, 0x000000070c000000, 0x000000070c200000|  0%| F|  |TAMS 0x000000070c000000, 0x000000070c000000| Untracked 
|  77|0x000000070c200000, 0x000000070c200000, 0x000000070c400000|  0%| F|  |TAMS 0x000000070c200000, 0x000000070c200000| Untracked 
|  78|0x000000070c400000, 0x000000070c400000, 0x000000070c600000|  0%| F|  |TAMS 0x000000070c400000, 0x000000070c400000| Untracked 
|  79|0x000000070c600000, 0x000000070c600000, 0x000000070c800000|  0%| F|  |TAMS 0x000000070c600000, 0x000000070c600000| Untracked 
|  80|0x000000070c800000, 0x000000070c800000, 0x000000070ca00000|  0%| F|  |TAMS 0x000000070c800000, 0x000000070c800000| Untracked 
|  81|0x000000070ca00000, 0x000000070ca00000, 0x000000070cc00000|  0%| F|  |TAMS 0x000000070ca00000, 0x000000070ca00000| Untracked 
|  82|0x000000070cc00000, 0x000000070cc00000, 0x000000070ce00000|  0%| F|  |TAMS 0x000000070cc00000, 0x000000070cc00000| Untracked 
|  83|0x000000070ce00000, 0x000000070ce00000, 0x000000070d000000|  0%| F|  |TAMS 0x000000070ce00000, 0x000000070ce00000| Untracked 
|  84|0x000000070d000000, 0x000000070d000000, 0x000000070d200000|  0%| F|  |TAMS 0x000000070d000000, 0x000000070d000000| Untracked 
|  85|0x000000070d200000, 0x000000070d200000, 0x000000070d400000|  0%| F|  |TAMS 0x000000070d200000, 0x000000070d200000| Untracked 
|  86|0x000000070d400000, 0x000000070d400000, 0x000000070d600000|  0%| F|  |TAMS 0x000000070d400000, 0x000000070d400000| Untracked 
|  87|0x000000070d600000, 0x000000070d600000, 0x000000070d800000|  0%| F|  |TAMS 0x000000070d600000, 0x000000070d600000| Untracked 
|  88|0x000000070d800000, 0x000000070d800000, 0x000000070da00000|  0%| F|  |TAMS 0x000000070d800000, 0x000000070d800000| Untracked 
|  89|0x000000070da00000, 0x000000070da00000, 0x000000070dc00000|  0%| F|  |TAMS 0x000000070da00000, 0x000000070da00000| Untracked 
|  90|0x000000070dc00000, 0x000000070dc00000, 0x000000070de00000|  0%| F|  |TAMS 0x000000070dc00000, 0x000000070dc00000| Untracked 
|  91|0x000000070de00000, 0x000000070de00000, 0x000000070e000000|  0%| F|  |TAMS 0x000000070de00000, 0x000000070de00000| Untracked 
|  92|0x000000070e000000, 0x000000070e000000, 0x000000070e200000|  0%| F|  |TAMS 0x000000070e000000, 0x000000070e000000| Untracked 
|  93|0x000000070e200000, 0x000000070e200000, 0x000000070e400000|  0%| F|  |TAMS 0x000000070e200000, 0x000000070e200000| Untracked 
|  94|0x000000070e400000, 0x000000070e400000, 0x000000070e600000|  0%| F|  |TAMS 0x000000070e400000, 0x000000070e400000| Untracked 
|  95|0x000000070e600000, 0x000000070e600000, 0x000000070e800000|  0%| F|  |TAMS 0x000000070e600000, 0x000000070e600000| Untracked 
|  96|0x000000070e800000, 0x000000070e800000, 0x000000070ea00000|  0%| F|  |TAMS 0x000000070e800000, 0x000000070e800000| Untracked 
|  97|0x000000070ea00000, 0x000000070ea00000, 0x000000070ec00000|  0%| F|  |TAMS 0x000000070ea00000, 0x000000070ea00000| Untracked 
|  98|0x000000070ec00000, 0x000000070ec00000, 0x000000070ee00000|  0%| F|  |TAMS 0x000000070ec00000, 0x000000070ec00000| Untracked 
|  99|0x000000070ee00000, 0x000000070ee00000, 0x000000070f000000|  0%| F|  |TAMS 0x000000070ee00000, 0x000000070ee00000| Untracked 
| 100|0x000000070f000000, 0x000000070f000000, 0x000000070f200000|  0%| F|  |TAMS 0x000000070f000000, 0x000000070f000000| Untracked 
| 101|0x000000070f200000, 0x000000070f200000, 0x000000070f400000|  0%| F|  |TAMS 0x000000070f200000, 0x000000070f200000| Untracked 
| 102|0x000000070f400000, 0x000000070f400000, 0x000000070f600000|  0%| F|  |TAMS 0x000000070f400000, 0x000000070f400000| Untracked 
| 103|0x000000070f600000, 0x000000070f600000, 0x000000070f800000|  0%| F|  |TAMS 0x000000070f600000, 0x000000070f600000| Untracked 
| 104|0x000000070f800000, 0x000000070f800000, 0x000000070fa00000|  0%| F|  |TAMS 0x000000070f800000, 0x000000070f800000| Untracked 
| 105|0x000000070fa00000, 0x000000070fa00000, 0x000000070fc00000|  0%| F|  |TAMS 0x000000070fa00000, 0x000000070fa00000| Untracked 
| 106|0x000000070fc00000, 0x000000070fc00000, 0x000000070fe00000|  0%| F|  |TAMS 0x000000070fc00000, 0x000000070fc00000| Untracked 
| 107|0x000000070fe00000, 0x000000070fe00000, 0x0000000710000000|  0%| F|  |TAMS 0x000000070fe00000, 0x000000070fe00000| Untracked 
| 108|0x0000000710000000, 0x0000000710000000, 0x0000000710200000|  0%| F|  |TAMS 0x0000000710000000, 0x0000000710000000| Untracked 
| 109|0x0000000710200000, 0x0000000710200000, 0x0000000710400000|  0%| F|  |TAMS 0x0000000710200000, 0x0000000710200000| Untracked 
| 110|0x0000000710400000, 0x0000000710400000, 0x0000000710600000|  0%| F|  |TAMS 0x0000000710400000, 0x0000000710400000| Untracked 
| 111|0x0000000710600000, 0x0000000710600000, 0x0000000710800000|  0%| F|  |TAMS 0x0000000710600000, 0x0000000710600000| Untracked 
| 112|0x0000000710800000, 0x0000000710800000, 0x0000000710a00000|  0%| F|  |TAMS 0x0000000710800000, 0x0000000710800000| Untracked 
| 113|0x0000000710a00000, 0x0000000710a00000, 0x0000000710c00000|  0%| F|  |TAMS 0x0000000710a00000, 0x0000000710a00000| Untracked 
| 114|0x0000000710c00000, 0x0000000710c00000, 0x0000000710e00000|  0%| F|  |TAMS 0x0000000710c00000, 0x0000000710c00000| Untracked 
| 115|0x0000000710e00000, 0x0000000710e00000, 0x0000000711000000|  0%| F|  |TAMS 0x0000000710e00000, 0x0000000710e00000| Untracked 
| 116|0x0000000711000000, 0x0000000711000000, 0x0000000711200000|  0%| F|  |TAMS 0x0000000711000000, 0x0000000711000000| Untracked 
| 117|0x0000000711200000, 0x0000000711200000, 0x0000000711400000|  0%| F|  |TAMS 0x0000000711200000, 0x0000000711200000| Untracked 
| 118|0x0000000711400000, 0x0000000711400000, 0x0000000711600000|  0%| F|  |TAMS 0x0000000711400000, 0x0000000711400000| Untracked 
| 119|0x0000000711600000, 0x0000000711600000, 0x0000000711800000|  0%| F|  |TAMS 0x0000000711600000, 0x0000000711600000| Untracked 
| 120|0x0000000711800000, 0x0000000711800000, 0x0000000711a00000|  0%| F|  |TAMS 0x0000000711800000, 0x0000000711800000| Untracked 
| 121|0x0000000711a00000, 0x0000000711a00000, 0x0000000711c00000|  0%| F|  |TAMS 0x0000000711a00000, 0x0000000711a00000| Untracked 
| 122|0x0000000711c00000, 0x0000000711c00000, 0x0000000711e00000|  0%| F|  |TAMS 0x0000000711c00000, 0x0000000711c00000| Untracked 
| 123|0x0000000711e00000, 0x0000000711e7c258, 0x0000000712000000| 24%| E|  |TAMS 0x0000000711e00000, 0x0000000711e00000| Complete 
| 124|0x0000000712000000, 0x0000000712200000, 0x0000000712200000|100%| E|CS|TAMS 0x0000000712000000, 0x0000000712000000| Complete 
| 125|0x0000000712200000, 0x0000000712400000, 0x0000000712400000|100%| E|CS|TAMS 0x0000000712200000, 0x0000000712200000| Complete 
| 126|0x0000000712400000, 0x0000000712600000, 0x0000000712600000|100%| E|CS|TAMS 0x0000000712400000, 0x0000000712400000| Complete 

Card table byte_map: [0x00000206cb8e0000,0x00000206cc0d0000] _byte_map_base: 0x00000206c80cc000

Marking Bits (Prev, Next): (CMBitMap*) 0x00000206b87555a0, (CMBitMap*) 0x00000206b87555e0
 Prev Bits: [0x00000206cc8c0000, 0x00000206d0820000)
 Next Bits: [0x00000206d0820000, 0x00000206d4780000)

Polling page: 0x00000206b68a0000

Metaspace:

Usage:
  Non-class:      8.55 MB used.
      Class:    838.84 KB used.
       Both:      9.37 MB used.

Virtual space:
  Non-class space:       16.00 MB reserved,       8.62 MB ( 54%) committed,  2 nodes.
      Class space:        1.00 GB reserved,     896.00 KB ( <1%) committed,  1 nodes.
             Both:        1.02 GB reserved,       9.50 MB ( <1%) committed. 

Chunk freelists:
   Non-Class:  2.73 MB
       Class:  3.09 MB
        Both:  5.83 MB

MaxMetaspaceSize: unlimited
CompressedClassSpaceSize: 1.00 GB
Initial GC threshold: 21.00 MB
Current GC threshold: 21.00 MB
CDS: off
MetaspaceReclaimPolicy: balanced
 - commit_granule_bytes: 65536.
 - commit_granule_words: 8192.
 - virtual_space_node_default_size: 1048576.
 - enlarge_chunks_in_place: 1.
 - new_chunks_are_fully_committed: 0.
 - uncommit_free_chunks: 1.
 - use_allocation_guard: 0.
 - handle_deallocations: 1.


Internal statistics:

num_allocs_failed_limit: 0.
num_arena_births: 12.
num_arena_deaths: 0.
num_vsnodes_births: 3.
num_vsnodes_deaths: 0.
num_space_committed: 152.
num_space_uncommitted: 0.
num_chunks_returned_to_freelist: 0.
num_chunks_taken_from_freelist: 52.
num_chunk_merges: 0.
num_chunk_splits: 22.
num_chunks_enlarged: 14.
num_purges: 0.
num_inconsistent_stats: 0.

CodeHeap 'non-profiled nmethods': size=120000Kb used=149Kb max_used=149Kb free=119850Kb
 bounds [0x00000206c3880000, 0x00000206c3af0000, 0x00000206cadb0000]
CodeHeap 'profiled nmethods': size=120000Kb used=660Kb max_used=660Kb free=119339Kb
 bounds [0x00000206bc350000, 0x00000206bc5c0000, 0x00000206c3880000]
CodeHeap 'non-nmethods': size=5760Kb used=1202Kb max_used=1220Kb free=4558Kb
 bounds [0x00000206bbdb0000, 0x00000206bc020000, 0x00000206bc350000]
 total_blobs=860 nmethods=442 adapters=331
 compilation: enabled
              stopped_count=0, restarted_count=0
 full_count=0

Compilation events (20 events):
Event: 0.380 Thread 0x00000206d7cca580  434       3       org.eclipse.jdt.launching.internal.org.objectweb.asm.SymbolTable::hash (10 bytes)
Event: 0.380 Thread 0x00000206d7cca580 nmethod 434 0x00000206bc3f2490 code [0x00000206bc3f2620, 0x00000206bc3f2768]
Event: 0.380 Thread 0x00000206d7cca580  435       3       org.eclipse.jdt.launching.internal.org.objectweb.asm.ClassReader::readUtf (161 bytes)
Event: 0.381 Thread 0x00000206d7cca580 nmethod 435 0x00000206bc3f2890 code [0x00000206bc3f2a60, 0x00000206bc3f2f28]
Event: 0.381 Thread 0x00000206d7cca580  436       3       org.eclipse.jdt.launching.internal.org.objectweb.asm.Symbol::<init> (38 bytes)
Event: 0.381 Thread 0x00000206d7cca580 nmethod 436 0x00000206bc3f3210 code [0x00000206bc3f33c0, 0x00000206bc3f3678]
Event: 0.381 Thread 0x00000206d7cca580  437       3       org.eclipse.jdt.launching.internal.org.objectweb.asm.SymbolTable::add (39 bytes)
Event: 0.381 Thread 0x00000206d7cca580 nmethod 437 0x00000206bc3f3790 code [0x00000206bc3f3940, 0x00000206bc3f3cb8]
Event: 0.381 Thread 0x00000206d7cca580  438       1       java.security.ProtectionDomain::getCodeSource (5 bytes)
Event: 0.381 Thread 0x00000206d7cca580 nmethod 438 0x00000206c38a5490 code [0x00000206c38a5620, 0x00000206c38a56f8]
Event: 177.080 Thread 0x00000206d7cca580  439       3       org.eclipse.jdt.launching.internal.org.objectweb.asm.ClassReader::getItem (7 bytes)
Event: 177.080 Thread 0x00000206d7cc8140  442       4       org.eclipse.jdt.launching.internal.org.objectweb.asm.ClassReader::readUnsignedShort (26 bytes)
Event: 177.080 Thread 0x00000206d7cca580 nmethod 439 0x00000206bc3f3e10 code [0x00000206bc3f3fa0, 0x00000206bc3f40d8]
Event: 177.080 Thread 0x00000206d7cca580  440       3       org.eclipse.jdt.launching.internal.org.objectweb.asm.SymbolTable$Entry::<init> (17 bytes)
Event: 177.080 Thread 0x00000206d7cca580 nmethod 440 0x00000206bc3f4190 code [0x00000206bc3f4340, 0x00000206bc3f44e8]
Event: 177.080 Thread 0x00000206d7cca580  441       3       org.eclipse.jdt.launching.internal.org.objectweb.asm.SymbolTable::addConstantUtf8 (20 bytes)
Event: 177.080 Thread 0x00000206d7cca580 nmethod 441 0x00000206bc3f4590 code [0x00000206bc3f4760, 0x00000206bc3f4a28]
Event: 177.080 Thread 0x00000206d7cca580  443       3       org.eclipse.jdt.launching.internal.org.objectweb.asm.ByteVector::putShort (52 bytes)
Event: 177.082 Thread 0x00000206d7cc8140 

Event: 177.083 Thread 0x00000206d7cca580 nmethod 443 0x00000206bc3f4b90 code [0x00000206bc3f4d40, 0x00000206bc3f4f68]

GC Heap History (0 events):
No events

Deoptimization events (20 events):
Event: 0.363 Thread 0x00000206b87059e0 DEOPT PACKING pc=0x00000206bc3c9fd4 sp=0x00000029c5ffba00
Event: 0.363 Thread 0x00000206b87059e0 DEOPT UNPACKING pc=0x00000206bbe02b43 sp=0x00000029c5ffae68 mode 0
Event: 0.363 Thread 0x00000206b87059e0 DEOPT PACKING pc=0x00000206bc3c9fd4 sp=0x00000029c5ffba00
Event: 0.363 Thread 0x00000206b87059e0 DEOPT UNPACKING pc=0x00000206bbe02b43 sp=0x00000029c5ffae68 mode 0
Event: 0.364 Thread 0x00000206b87059e0 DEOPT PACKING pc=0x00000206bc3c9efc sp=0x00000029c5ff7f30
Event: 0.364 Thread 0x00000206b87059e0 DEOPT UNPACKING pc=0x00000206bbe02b43 sp=0x00000029c5ff7398 mode 0
Event: 0.365 Thread 0x00000206b87059e0 DEOPT PACKING pc=0x00000206bc3c9efc sp=0x00000029c5ffb930
Event: 0.365 Thread 0x00000206b87059e0 DEOPT UNPACKING pc=0x00000206bbe02b43 sp=0x00000029c5ffad98 mode 0
Event: 0.368 Thread 0x00000206b87059e0 DEOPT PACKING pc=0x00000206bc3c9efc sp=0x00000029c5ffba00
Event: 0.368 Thread 0x00000206b87059e0 DEOPT UNPACKING pc=0x00000206bbe02b43 sp=0x00000029c5ffae68 mode 0
Event: 0.371 Thread 0x00000206b87059e0 DEOPT PACKING pc=0x00000206bc3c9fd4 sp=0x00000029c5ff7ba0
Event: 0.371 Thread 0x00000206b87059e0 DEOPT UNPACKING pc=0x00000206bbe02b43 sp=0x00000029c5ff7008 mode 0
Event: 0.371 Thread 0x00000206b87059e0 DEOPT PACKING pc=0x00000206bc3c9fd4 sp=0x00000029c5ff7ba0
Event: 0.371 Thread 0x00000206b87059e0 DEOPT UNPACKING pc=0x00000206bbe02b43 sp=0x00000029c5ff7008 mode 0
Event: 0.372 Thread 0x00000206b87059e0 DEOPT PACKING pc=0x00000206bc3c9fd4 sp=0x00000029c5ff7ba0
Event: 0.372 Thread 0x00000206b87059e0 DEOPT UNPACKING pc=0x00000206bbe02b43 sp=0x00000029c5ff7008 mode 0
Event: 0.372 Thread 0x00000206b87059e0 DEOPT PACKING pc=0x00000206bc3c9fd4 sp=0x00000029c5ff7ba0
Event: 0.372 Thread 0x00000206b87059e0 DEOPT UNPACKING pc=0x00000206bbe02b43 sp=0x00000029c5ff7008 mode 0
Event: 0.372 Thread 0x00000206b87059e0 DEOPT PACKING pc=0x00000206bc3c9fd4 sp=0x00000029c5ff7b10
Event: 0.372 Thread 0x00000206b87059e0 DEOPT UNPACKING pc=0x00000206bbe02b43 sp=0x00000029c5ff6f78 mode 0

Classes unloaded (0 events):
No events

Classes redefined (1 events):
Event: 177.081 Thread 0x00000206d7c5d920 redefined class name=p3Arboles.BSTree, count=1

Internal exceptions (2 events):
Event: 0.307 Thread 0x00000206b87059e0 Exception <a 'java/lang/NoSuchMethodError'{0x00000007120a75c8}: 'java.lang.Object java.lang.invoke.DirectMethodHandle$Holder.invokeStaticInit(java.lang.Object)'> (0x00000007120a75c8) 
thrown [e:\jenkins\tmp\workspace\build\src\src\hotspot\share\interpreter\linkResolver.cpp, line 766]
Event: 0.308 Thread 0x00000206b87059e0 Exception <a 'java/lang/NoSuchMethodError'{0x00000007120ad910}: 'java.lang.Object java.lang.invoke.Invokers$Holder.invoke_MT(java.lang.Object, java.lang.Object, java.lang.Object)'> (0x00000007120ad910) 
thrown [e:\jenkins\tmp\workspace\build\src\src\hotspot\share\interpreter\linkResolver.cpp, line 766]

VM Operations (20 events):
Event: 122.345 Executing VM operation: get/set locals
Event: 122.345 Executing VM operation: get/set locals done
Event: 122.346 Executing VM operation: get/set locals
Event: 122.346 Executing VM operation: get/set locals done
Event: 122.346 Executing VM operation: get/set locals
Event: 122.346 Executing VM operation: get/set locals done
Event: 122.347 Executing VM operation: get/set locals
Event: 122.347 Executing VM operation: get/set locals done
Event: 122.347 Executing VM operation: get/set locals
Event: 122.347 Executing VM operation: get/set locals done
Event: 122.347 Executing VM operation: get/set locals
Event: 122.347 Executing VM operation: get/set locals done
Event: 122.348 Executing VM operation: get/set locals
Event: 122.348 Executing VM operation: get/set locals done
Event: 122.366 Executing VM operation: get/set locals
Event: 122.366 Executing VM operation: get/set locals done
Event: 127.356 Executing VM operation: get/set locals
Event: 127.356 Executing VM operation: get/set locals done
Event: 177.080 Executing VM operation: RedefineClasses
Event: 177.082 Executing VM operation: RedefineClasses done

Events (20 events):
Event: 0.352 loading class jdk/internal/reflect/ByteVectorImpl done
Event: 0.352 loading class jdk/internal/reflect/ClassFileAssembler
Event: 0.353 loading class jdk/internal/reflect/ClassFileAssembler done
Event: 0.353 loading class jdk/internal/reflect/UTF8
Event: 0.353 loading class jdk/internal/reflect/UTF8 done
Event: 0.353 loading class jdk/internal/reflect/Label
Event: 0.353 loading class jdk/internal/reflect/Label done
Event: 0.353 loading class jdk/internal/reflect/Label$PatchInfo
Event: 0.354 loading class jdk/internal/reflect/Label$PatchInfo done
Event: 0.354 loading class jdk/internal/reflect/MethodAccessorGenerator$1
Event: 0.354 loading class jdk/internal/reflect/MethodAccessorGenerator$1 done
Event: 0.354 loading class jdk/internal/reflect/ClassDefiner
Event: 0.354 loading class jdk/internal/reflect/ClassDefiner done
Event: 0.354 loading class jdk/internal/reflect/ClassDefiner$1
Event: 0.354 loading class jdk/internal/reflect/ClassDefiner$1 done
Event: 0.354 loading class jdk/internal/reflect/BootstrapConstructorAccessorImpl
Event: 0.354 loading class jdk/internal/reflect/BootstrapConstructorAccessorImpl done
Event: 0.373 loading class java/lang/IllegalStateException
Event: 0.373 loading class java/lang/IllegalStateException done
Event: 5.393 Thread 0x00000206d7ccaa90 Thread exited: 0x00000206d7ccaa90


Dynamic libraries:
0x00007ff738a30000 - 0x00007ff738a3e000 	C:\Users\Elías\eclipse\plugins\org.eclipse.justj.openjdk.hotspot.jre.full.win32.x86_64_17.0.2.v20220201-1208\jre\bin\javaw.exe
0x00007ffad3630000 - 0x00007ffad3847000 	C:\WINDOWS\SYSTEM32\ntdll.dll
0x00007ffad2840000 - 0x00007ffad2904000 	C:\WINDOWS\System32\KERNEL32.DLL
0x00007ffad0940000 - 0x00007ffad0cf7000 	C:\WINDOWS\System32\KERNELBASE.dll
0x00007ffad10a0000 - 0x00007ffad11b1000 	C:\WINDOWS\System32\ucrtbase.dll
0x00007ffaa9a70000 - 0x00007ffaa9a88000 	C:\Users\Elías\eclipse\plugins\org.eclipse.justj.openjdk.hotspot.jre.full.win32.x86_64_17.0.2.v20220201-1208\jre\bin\jli.dll
0x00007ffaa4610000 - 0x00007ffaa4629000 	C:\Users\Elías\eclipse\plugins\org.eclipse.justj.openjdk.hotspot.jre.full.win32.x86_64_17.0.2.v20220201-1208\jre\bin\VCRUNTIME140.dll
0x00007ffad30a0000 - 0x00007ffad324f000 	C:\WINDOWS\System32\USER32.dll
0x00007ffad11c0000 - 0x00007ffad11e6000 	C:\WINDOWS\System32\win32u.dll
0x00007ffacfb60000 - 0x00007ffacfdf3000 	C:\WINDOWS\WinSxS\amd64_microsoft.windows.common-controls_6595b64144ccf1df_6.0.22621.3672_none_2713b9d173822955\COMCTL32.dll
0x00007ffad2810000 - 0x00007ffad2839000 	C:\WINDOWS\System32\GDI32.dll
0x00007ffad2560000 - 0x00007ffad2607000 	C:\WINDOWS\System32\msvcrt.dll
0x00007ffad0e60000 - 0x00007ffad0f78000 	C:\WINDOWS\System32\gdi32full.dll
0x00007ffad1000000 - 0x00007ffad109a000 	C:\WINDOWS\System32\msvcp_win.dll
0x00007ffad3400000 - 0x00007ffad3431000 	C:\WINDOWS\System32\IMM32.DLL
0x00007ffaa9a60000 - 0x00007ffaa9a6c000 	C:\Users\Elías\eclipse\plugins\org.eclipse.justj.openjdk.hotspot.jre.full.win32.x86_64_17.0.2.v20220201-1208\jre\bin\vcruntime140_1.dll
0x00007ffa997f0000 - 0x00007ffa99881000 	C:\Users\Elías\eclipse\plugins\org.eclipse.justj.openjdk.hotspot.jre.full.win32.x86_64_17.0.2.v20220201-1208\jre\bin\msvcp140.dll
0x00007ffa62840000 - 0x00007ffa63487000 	C:\Users\Elías\eclipse\plugins\org.eclipse.justj.openjdk.hotspot.jre.full.win32.x86_64_17.0.2.v20220201-1208\jre\bin\server\jvm.dll
0x00007ffad2000000 - 0x00007ffad20b2000 	C:\WINDOWS\System32\ADVAPI32.dll
0x00007ffad2e80000 - 0x00007ffad2f28000 	C:\WINDOWS\System32\sechost.dll
0x00007ffad0e30000 - 0x00007ffad0e58000 	C:\WINDOWS\System32\bcrypt.dll
0x00007ffad2640000 - 0x00007ffad2754000 	C:\WINDOWS\System32\RPCRT4.dll
0x00007ffad2610000 - 0x00007ffad2618000 	C:\WINDOWS\System32\PSAPI.DLL
0x00007ffacbb50000 - 0x00007ffacbb59000 	C:\WINDOWS\SYSTEM32\WSOCK32.dll
0x00007ffacb940000 - 0x00007ffacb974000 	C:\WINDOWS\SYSTEM32\WINMM.dll
0x00007ffad3020000 - 0x00007ffad3091000 	C:\WINDOWS\System32\WS2_32.dll
0x00007ffaccbf0000 - 0x00007ffaccbfa000 	C:\WINDOWS\SYSTEM32\VERSION.dll
0x00007ffaceaf0000 - 0x00007ffaceb08000 	C:\WINDOWS\SYSTEM32\kernel.appcore.dll
0x00007ffacb850000 - 0x00007ffacb85a000 	C:\Users\Elías\eclipse\plugins\org.eclipse.justj.openjdk.hotspot.jre.full.win32.x86_64_17.0.2.v20220201-1208\jre\bin\jimage.dll
0x00007ffad02a0000 - 0x00007ffad04d2000 	C:\WINDOWS\SYSTEM32\DBGHELP.DLL
0x00007ffad2920000 - 0x00007ffad2cae000 	C:\WINDOWS\System32\combase.dll
0x00007ffad1cd0000 - 0x00007ffad1da7000 	C:\WINDOWS\System32\OLEAUT32.dll
0x00007ffad0120000 - 0x00007ffad0152000 	C:\WINDOWS\SYSTEM32\dbgcore.DLL
0x00007ffad0f80000 - 0x00007ffad0ffb000 	C:\WINDOWS\System32\bcryptPrimitives.dll
0x00007ffaa45d0000 - 0x00007ffaa460b000 	C:\Users\Elías\eclipse\plugins\org.eclipse.justj.openjdk.hotspot.jre.full.win32.x86_64_17.0.2.v20220201-1208\jre\bin\jdwp.dll
0x00007ffaa9a00000 - 0x00007ffaa9a0e000 	C:\Users\Elías\eclipse\plugins\org.eclipse.justj.openjdk.hotspot.jre.full.win32.x86_64_17.0.2.v20220201-1208\jre\bin\instrument.dll
0x00007ffa9f290000 - 0x00007ffa9f2b5000 	C:\Users\Elías\eclipse\plugins\org.eclipse.justj.openjdk.hotspot.jre.full.win32.x86_64_17.0.2.v20220201-1208\jre\bin\java.dll
0x00007ffaad1e0000 - 0x00007ffaad1f8000 	C:\Users\Elías\eclipse\plugins\org.eclipse.justj.openjdk.hotspot.jre.full.win32.x86_64_17.0.2.v20220201-1208\jre\bin\zip.dll
0x00007ffad1360000 - 0x00007ffad1bc9000 	C:\WINDOWS\System32\SHELL32.dll
0x00007ffacd9a0000 - 0x00007fface29f000 	C:\WINDOWS\SYSTEM32\windows.storage.dll
0x00007ffacd860000 - 0x00007ffacd99f000 	C:\WINDOWS\SYSTEM32\wintypes.dll
0x00007ffad1bd0000 - 0x00007ffad1cc9000 	C:\WINDOWS\System32\SHCORE.dll
0x00007ffad2f40000 - 0x00007ffad2f9e000 	C:\WINDOWS\System32\shlwapi.dll
0x00007ffad0870000 - 0x00007ffad0897000 	C:\WINDOWS\SYSTEM32\profapi.dll
0x00007ffaa4230000 - 0x00007ffaa423c000 	C:\Users\Elías\eclipse\plugins\org.eclipse.justj.openjdk.hotspot.jre.full.win32.x86_64_17.0.2.v20220201-1208\jre\bin\dt_socket.dll
0x00007fface570000 - 0x00007fface59d000 	C:\WINDOWS\SYSTEM32\IPHLPAPI.DLL
0x00007ffacf740000 - 0x00007ffacf7a9000 	C:\WINDOWS\system32\mswsock.dll
0x00007fface5e0000 - 0x00007fface6e2000 	C:\WINDOWS\SYSTEM32\DNSAPI.dll
0x00007ffad2910000 - 0x00007ffad2919000 	C:\WINDOWS\System32\NSI.dll
0x00007ffac8790000 - 0x00007ffac879a000 	C:\Windows\System32\rasadhlp.dll
0x00007ffac9570000 - 0x00007ffac95f3000 	C:\WINDOWS\System32\fwpuclnt.dll
0x00007ffaa58c0000 - 0x00007ffaa58d9000 	C:\Users\Elías\eclipse\plugins\org.eclipse.justj.openjdk.hotspot.jre.full.win32.x86_64_17.0.2.v20220201-1208\jre\bin\net.dll
0x00007ffacb980000 - 0x00007ffacbab6000 	C:\WINDOWS\SYSTEM32\WINHTTP.dll
0x00007ffaa3a20000 - 0x00007ffaa3a35000 	C:\Users\Elías\eclipse\plugins\org.eclipse.justj.openjdk.hotspot.jre.full.win32.x86_64_17.0.2.v20220201-1208\jre\bin\nio.dll
0x00007ffaa27f0000 - 0x00007ffaa2800000 	C:\Users\Elías\eclipse\plugins\org.eclipse.justj.openjdk.hotspot.jre.full.win32.x86_64_17.0.2.v20220201-1208\jre\bin\verify.dll

dbghelp: loaded successfully - version: 4.0.5 - missing functions: none
symbol engine: initialized successfully - sym options: 0x614 - pdb path: .;C:\Users\Elías\eclipse\plugins\org.eclipse.justj.openjdk.hotspot.jre.full.win32.x86_64_17.0.2.v20220201-1208\jre\bin;C:\WINDOWS\SYSTEM32;C:\WINDOWS\WinSxS\amd64_microsoft.windows.common-controls_6595b64144ccf1df_6.0.22621.3672_none_2713b9d173822955;C:\Users\Elías\eclipse\plugins\org.eclipse.justj.openjdk.hotspot.jre.full.win32.x86_64_17.0.2.v20220201-1208\jre\bin\server

VM Arguments:
jvm_args: -XX:+ShowCodeDetailsInExceptionMessages -agentlib:jdwp=transport=dt_socket,suspend=y,address=localhost:50150 -javaagent:C:\Users\Elías\eclipse\configuration\org.eclipse.osgi\225\0\.cp\lib\javaagent-shaded.jar -Dfile.encoding=Cp1252 
java_command: p3Arboles.main
java_class_path (initial): C:\Users\Elías\OneDrive\Escritorio\Software\2do\ED\ED-2024-25-FernandezMedinaElias-UO299673\bin;C:\Users\Elías\eclipse\plugins\org.junit.jupiter.api_5.8.1.v20211018-1956.jar;C:\Users\Elías\eclipse\plugins\org.junit.jupiter.engine_5.8.1.v20211018-1956.jar;C:\Users\Elías\eclipse\plugins\org.junit.jupiter.migrationsupport_5.8.1.v20211018-1956.jar;C:\Users\Elías\eclipse\plugins\org.junit.jupiter.params_5.8.1.v20211018-1956.jar;C:\Users\Elías\eclipse\plugins\org.junit.platform.commons_1.8.1.v20211018-1956.jar;C:\Users\Elías\eclipse\plugins\org.junit.platform.engine_1.8.1.v20211018-1956.jar;C:\Users\Elías\eclipse\plugins\org.junit.platform.launcher_1.8.1.v20211018-1956.jar;C:\Users\Elías\eclipse\plugins\org.junit.platform.runner_1.8.1.v20211018-1956.jar;C:\Users\Elías\eclipse\plugins\org.junit.platform.suite.api_1.8.1.v20211018-1956.jar;C:\Users\Elías\eclipse\plugins\org.junit.platform.suite.engine_1.8.1.v20211028-1957.jar;C:\Users\Elías\eclipse\plugins\org.junit.platform.suite.commons_1.8.1.v20211018-1956.jar;C:\Users\Elías\eclipse\plugins\org.junit.vintage.engine_5.8.1.v20211018-1956.jar;C:\Users\Elías\eclipse\plugins\org.opentest4j_1.2.0.v20211018-1956.jar;C:\Users\Elías\eclipse\plugins\org.apiguardian_1.1.2.v20211018-1956.jar;C:\Users\Elías\eclipse\plugins\org.junit_4.13.2.v20211018-1956.jar;C:\Users\Elías\eclipse\plugins\org.hamcrest.core_1.3.0.v20180420-1519.jar
Launcher Type: SUN_STANDARD

[Global flags]
     intx CICompilerCount                          = 4                                         {product} {ergonomic}
     uint ConcGCThreads                            = 2                                         {product} {ergonomic}
     uint G1ConcRefinementThreads                  = 8                                         {product} {ergonomic}
   size_t G1HeapRegionSize                         = 2097152                                   {product} {ergonomic}
    uintx GCDrainStackTargetSize                   = 64                                        {product} {ergonomic}
   size_t InitialHeapSize                          = 266338304                                 {product} {ergonomic}
   size_t MarkStackSize                            = 4194304                                   {product} {ergonomic}
   size_t MaxHeapSize                              = 4253024256                                {product} {ergonomic}
   size_t MaxNewSize                               = 2550136832                                {product} {ergonomic}
   size_t MinHeapDeltaBytes                        = 2097152                                   {product} {ergonomic}
   size_t MinHeapSize                              = 8388608                                   {product} {ergonomic}
    uintx NonNMethodCodeHeapSize                   = 5839372                                {pd product} {ergonomic}
    uintx NonProfiledCodeHeapSize                  = 122909434                              {pd product} {ergonomic}
    uintx ProfiledCodeHeapSize                     = 122909434                              {pd product} {ergonomic}
    uintx ReservedCodeCacheSize                    = 251658240                              {pd product} {ergonomic}
     bool SegmentedCodeCache                       = true                                      {product} {ergonomic}
     bool ShowCodeDetailsInExceptionMessages       = true                                   {manageable} {command line}
   size_t SoftMaxHeapSize                          = 4253024256                             {manageable} {ergonomic}
     bool UseCompressedClassPointers               = true                           {product lp64_product} {ergonomic}
     bool UseCompressedOops                        = true                           {product lp64_product} {ergonomic}
     bool UseG1GC                                  = true                                      {product} {ergonomic}
     bool UseLargePagesIndividualAllocation        = false                                  {pd product} {ergonomic}

Logging:
Log output configuration:
 #0: stdout all=warning uptime,level,tags
 #1: stderr all=off uptime,level,tags

Environment Variables:
PATH=C:\Users\Elías\eclipse\plugins\org.eclipse.justj.openjdk.hotspot.jre.full.win32.x86_64_17.0.2.v20220201-1208\jre\bin;C:/Users/El¡as/eclipse//plugins/org.eclipse.justj.openjdk.hotspot.jre.full.win32.x86_64_17.0.2.v20220201-1208/jre/bin/server;C:/Users/El¡as/eclipse//plugins/org.eclipse.justj.openjdk.hotspot.jre.full.win32.x86_64_17.0.2.v20220201-1208/jre/bin;C:\Program Files (x86)\Common Files\Oracle\Java\javapath;C:\WINDOWS\system32;C:\WINDOWS;C:\WINDOWS\System32\Wbem;C:\WINDOWS\System32\WindowsPowerShell\v1.0\;C:\WINDOWS\System32\OpenSSH\;C:\Program Files\dotnet\;C:\Program Files\Microsoft SQL Server\150\Tools\Binn\;C:\Program Files\NVIDIA Corporation\NVIDIA NvDLISR;C:\Program Files (x86)\NVIDIA Corporation\PhysX\Common;C:\Program Files (x86)\Windows Kits\10\Windows Performance Toolkit\;C:\Program Files\PuTTY\;C:\Program Files\MATLAB\R2024b\bin;C:\Program Files\Python 3.12\Scripts\;C:\Program Files\Python 3.12\;C:\Users\El¡as\AppData\Local\Microsoft\WindowsApps;C:\Users\El¡as\AppData\Local\Programs\Microsoft VS Code\bin;C:\msys64\ucrt64\bin;;C:\Users\El¡as\eclipse;
USERNAME=El¡as
OS=Windows_NT
PROCESSOR_IDENTIFIER=Intel64 Family 6 Model 165 Stepping 2, GenuineIntel



---------------  S Y S T E M  ---------------

OS:
 Windows 11 , 64 bit Build 22621 (10.0.22621.3958)
OS uptime: 0 days 0:10 hours

CPU: total 8 (initial active 8) (4 cores per cpu, 2 threads per core) family 6 model 165 stepping 2 microcode 0xe0, cx8, cmov, fxsr, ht, mmx, 3dnowpref, sse, sse2, sse3, ssse3, sse4.1, sse4.2, popcnt, lzcnt, tsc, tscinvbit, avx, avx2, aes, erms, clmul, bmi1, bmi2, adx, fma, vzeroupper, clflush, clflushopt

Memory: 4k page, system-wide physical 16221M (8061M free)
TotalPageFile size 18653M (AvailPageFile size 9860M)
current process WorkingSet (physical memory assigned to process): 49M, peak: 52M
current process commit charge ("private bytes"): 344M, peak: 347M

vm_info: OpenJDK 64-Bit Server VM (17.0.2+8) for windows-amd64 JRE (17.0.2+8), built on Jan 20 2022 04:52:34 by "" with MS VC++ 16.7 (VS2019)

END.
